[debug] [2019-07-09T20:22:18.268Z] ----------------------------------------------------------------------
[debug] [2019-07-09T20:22:18.270Z] Command:       /Users/pedro/.nvm/versions/node/v11.8.0/bin/node /Users/pedro/.nvm/versions/node/v11.8.0/bin/firebase deploy
[debug] [2019-07-09T20:22:18.270Z] CLI Version:   7.0.2
[debug] [2019-07-09T20:22:18.271Z] Platform:      darwin
[debug] [2019-07-09T20:22:18.271Z] Node Version:  v11.8.0
[debug] [2019-07-09T20:22:18.271Z] Time:          Tue Jul 09 2019 17:22:18 GMT-0300 (GMT-03:00)
[debug] [2019-07-09T20:22:18.271Z] ----------------------------------------------------------------------
[debug] 
[debug] [2019-07-09T20:22:18.278Z] > command requires scopes: ["email","openid","https://www.googleapis.com/auth/cloudplatformprojects.readonly","https://www.googleapis.com/auth/firebase","https://www.googleapis.com/auth/cloud-platform"]
[debug] [2019-07-09T20:22:18.279Z] > authorizing via signed-in user
[debug] [2019-07-09T20:22:18.279Z] [iam] checking project weloveyoumarina for permissions ["firebase.projects.get","firebasehosting.sites.update"]
[debug] [2019-07-09T20:22:18.280Z] >>> HTTP REQUEST POST https://cloudresourcemanager.googleapis.com/v1/projects/weloveyoumarina:testIamPermissions  

[debug] [2019-07-09T20:22:19.363Z] <<< HTTP RESPONSE 200
[debug] [2019-07-09T20:22:19.366Z] >>> HTTP REQUEST GET https://firebase.googleapis.com/v1beta1/projects/weloveyoumarina  
 
[debug] [2019-07-09T20:22:20.626Z] <<< HTTP RESPONSE 200
[info] 
[info] === Deploying to 'weloveyoumarina'...
[info] 
[info] i  deploying hosting
[debug] [2019-07-09T20:22:20.629Z] >>> HTTP REQUEST POST https://firebasehosting.googleapis.com/v1beta1/sites/weloveyoumarina/versions  

[debug] [2019-07-09T20:22:22.391Z] <<< HTTP RESPONSE 200
[info] i  hosting[weloveyoumarina]: beginning deploy...
[info] i  hosting[weloveyoumarina]: found 25 files in build
[debug] [2019-07-09T20:22:22.404Z] [hosting] hash cache [YnVpbGQ] load error: lines is not defined
[debug] [2019-07-09T20:22:23.213Z] [hosting] hash cache [YnVpbGQ] stored for 25 files
[debug] [2019-07-09T20:22:23.214Z] [hosting][hash queue][FINAL]
[debug] [2019-07-09T20:22:23.214Z] >>> HTTP REQUEST POST https://firebasehosting.googleapis.com/v1beta1/sites/weloveyoumarina/versions/f75c9e1a0c0bc730:populateFiles  
 <request body omitted>
[debug] [2019-07-09T20:22:24.643Z] <<< HTTP RESPONSE 200
[debug] [2019-07-09T20:22:24.656Z] [hosting][populate queue][FINAL]
[debug] [2019-07-09T20:22:24.657Z] [hosting] uploads queued: 21
